TN:
SF:C:\Angular\Angular\Angular6\src\polyfills.ts
FNF:0
FNH:0
LF:0
LH:0
BRF:0
BRH:0
end_of_record
TN:
SF:C:\Angular\Angular\Angular6\src\test.ts
FNF:0
FNH:0
DA:13,1
DA:18,1
DA:20,1
LF:3
LH:3
BRF:0
BRH:0
end_of_record
TN:
SF:C:\Angular\Angular\Angular6\src\app\app-routing.module.ts
FN:22,AppRoutingModule
FNF:1
FNH:0
FNDA:0,AppRoutingModule
DA:22,1
LF:1
LH:1
BRF:0
BRH:0
end_of_record
TN:
SF:C:\Angular\Angular\Angular6\src\app\app.component.ts
FN:3,AppComponent
FNF:1
FNH:0
FNDA:0,AppComponent
DA:8,1
DA:9,0
DA:10,1
LF:3
LH:2
BRF:0
BRH:0
end_of_record
TN:
SF:C:\Angular\Angular\Angular6\src\app\about\about.component.ts
FN:15,AboutComponent
FN:17,(anonymous_2)
FN:21,(anonymous_3)
FN:22,(anonymous_4)
FN:39,(anonymous_5)
FNF:5
FNH:0
FNDA:0,AboutComponent
FNDA:0,(anonymous_2)
FNDA:0,(anonymous_3)
FNDA:0,(anonymous_4)
FNDA:0,(anonymous_5)
DA:11,1
DA:15,0
DA:17,1
DA:18,0
DA:21,1
DA:22,0
DA:23,0
DA:24,0
DA:39,1
DA:40,0
DA:43,1
LF:11
LH:5
BRF:0
BRH:0
end_of_record
TN:
SF:C:\Angular\Angular\Angular6\src\app\config\material.ts
FN:42,MaterialModule
FNF:1
FNH:1
FNDA:3,MaterialModule
DA:42,1
LF:1
LH:1
BRF:0
BRH:0
end_of_record
TN:
SF:C:\Angular\Angular\Angular6\src\app\contact\contact.component.ts
FN:13,ContactComponent
FN:15,(anonymous_2)
FNF:2
FNH:0
FNDA:0,ContactComponent
FNDA:0,(anonymous_2)
DA:9,1
DA:11,0
DA:13,0
DA:15,1
DA:16,0
DA:20,1
LF:6
LH:3
BRF:0
BRH:0
end_of_record
TN:
SF:C:\Angular\Angular\Angular6\src\app\footer\footer.component.ts
FN:10,FooterComponent
FN:12,(anonymous_2)
FNF:2
FNH:2
FNDA:1,FooterComponent
FNDA:1,(anonymous_2)
DA:8,1
DA:12,1
DA:15,1
LF:3
LH:3
BRF:0
BRH:0
end_of_record
TN:
SF:C:\Angular\Angular\Angular6\src\app\header\header.component.ts
FN:10,HeaderComponent
FN:12,(anonymous_2)
FNF:2
FNH:2
FNDA:1,HeaderComponent
FNDA:1,(anonymous_2)
DA:8,1
DA:12,1
DA:15,1
LF:3
LH:3
BRF:0
BRH:0
end_of_record
TN:
SF:C:\Angular\Angular\Angular6\src\app\home\home.component.ts
FN:10,HomeComponent
FN:12,(anonymous_2)
FNF:2
FNH:2
FNDA:1,HomeComponent
FNDA:1,(anonymous_2)
DA:8,1
DA:12,1
DA:15,1
LF:3
LH:3
BRF:0
BRH:0
end_of_record
TN:
SF:C:\Angular\Angular\Angular6\src\app\registration\registration.component.ts
FN:14,RegistrationComponent
FN:16,(anonymous_2)
FN:26,(anonymous_3)
FN:28,(anonymous_4)
FNF:4
FNH:2
FNDA:1,RegistrationComponent
FNDA:1,(anonymous_2)
FNDA:0,(anonymous_3)
FNDA:0,(anonymous_4)
DA:9,1
DA:12,1
DA:14,1
DA:16,1
DA:17,1
DA:26,0
DA:28,1
DA:29,0
DA:33,0
DA:36,0
DA:37,0
DA:39,1
LF:12
LH:7
BRF:0
BRH:0
end_of_record
TN:
SF:C:\Angular\Angular\Angular6\src\app\services\records.service.ts
FN:12,RecordsService
FN:14,(anonymous_2)
FN:18,(anonymous_3)
FNF:3
FNH:1
FNDA:2,RecordsService
FNDA:0,(anonymous_2)
FNDA:0,(anonymous_3)
DA:8,1
DA:10,2
DA:12,2
DA:14,1
DA:15,0
DA:18,1
DA:19,0
DA:34,1
LF:8
LH:6
BRF:0
BRH:0
end_of_record
